<?xml version="1.0" encoding="UTF-8"?>
<!-- Generated by org.testng.reporters.JUnitXMLReporter -->
<testsuite ignored="1" hostname="Trantor-LP375" failures="0" tests="3" name="APISmokeSuite" time="30.259" errors="0" timestamp="2024-08-08T11:35:11 IST">
  <testcase classname="LendingPointTestAutomation.apiTests.qualifyAPITests" name="newACHService" time="2.632"/>
  <testcase classname="LendingPointTestAutomation.apiTests.qualifyAPITests" name="qualifySuccessTest" time="11.756"/>
  <testcase classname="LendingPointTestAutomation.apiTests.saveOfferTests" name="saveOfferSuccess" time="15.836"/>
  <testcase classname="LendingPointTestAutomation.baseClass.BaseClass" name="@BeforeSuite loadConfig" time="0.0">
    <ignored/>
  </testcase> <!-- @BeforeSuite loadConfig -->
</testsuite> <!-- APISmokeSuite -->
