<?xml version="1.0" encoding="UTF-8"?>
<!-- Generated by org.testng.reporters.JUnitXMLReporter -->
<testsuite ignored="0" hostname="Trantor-LP375" failures="1" tests="1" name="Smoke" time="9.391" errors="0" timestamp="2024-08-12T18:55:05 IST">
  <testcase classname="LendingPointTestAutomation.applyOldUITests.OldApplyPageTests" name="fillApplyFormSuccess" time="1.219">
    <failure type="java.lang.AssertionError" message="expected [true] but found [false]">
      <![CDATA[java.lang.AssertionError: expected [true] but found [false]
at LendingPointTestAutomation.applyOldUITests.OldApplyPageTests.fillApplyFormSuccess(OldApplyPageTests.java:49)
at java.base/java.util.ArrayList.forEach(ArrayList.java:1511)
... Removed 34 stack frames]]>
    </failure>
  </testcase> <!-- fillApplyFormSuccess -->
</testsuite> <!-- Smoke -->
