<?xml version="1.0" encoding="UTF-8"?>
<testng-results ignored="0" total="15" passed="15" failed="0" skipped="0">
  <reporter-output>
  </reporter-output>
  <suite started-at="2024-08-05T11:44:05 IST" name="Default suite" finished-at="2024-08-05T11:45:27 IST" duration-ms="81409">
    <groups>
    </groups>
    <test started-at="2024-08-05T11:44:05 IST" name="Default test" finished-at="2024-08-05T11:45:27 IST" duration-ms="81409">
      <class name="com.TestAutomation.testcases.MyAccountPageTest">
        <test-method is-config="true" signature="LaunchApplicationAndLogin()[pri:0, instance:com.TestAutomation.testcases.MyAccountPageTest@15a04efb]" started-at="2024-08-05T11:44:46 IST" name="LaunchApplicationAndLogin" finished-at="2024-08-05T11:44:56 IST" duration-ms="10461" status="PASS">
          <reporter-output>
          </reporter-output>
        </test-method> <!-- LaunchApplicationAndLogin -->
        <test-method signature="SearchVerifyProduct(java.lang.String)[pri:1, instance:com.TestAutomation.testcases.MyAccountPageTest@15a04efb]" started-at="2024-08-05T11:44:56 IST" name="SearchVerifyProduct" data-provider="searchproduct" finished-at="2024-08-05T11:45:01 IST" duration-ms="5103" status="PASS">
          <params>
            <param index="0">
              <value>
                <![CDATA[t-shirt]]>
              </value>
            </param>
          </params>
          <reporter-output>
          </reporter-output>
        </test-method> <!-- SearchVerifyProduct -->
        <test-method signature="SearchVerifyProduct(java.lang.String)[pri:1, instance:com.TestAutomation.testcases.MyAccountPageTest@15a04efb]" started-at="2024-08-05T11:45:01 IST" name="SearchVerifyProduct" data-provider="searchproduct" finished-at="2024-08-05T11:45:06 IST" duration-ms="4363" status="PASS">
          <params>
            <param index="0">
              <value>
                <![CDATA[Blouse]]>
              </value>
            </param>
          </params>
          <reporter-output>
          </reporter-output>
        </test-method> <!-- SearchVerifyProduct -->
        <test-method is-config="true" signature="TearDown()[pri:0, instance:com.TestAutomation.testcases.MyAccountPageTest@15a04efb]" started-at="2024-08-05T11:45:06 IST" name="TearDown" finished-at="2024-08-05T11:45:06 IST" duration-ms="308" status="PASS">
          <reporter-output>
          </reporter-output>
        </test-method> <!-- TearDown -->
      </class> <!-- com.TestAutomation.testcases.MyAccountPageTest -->
      <class name="com.TestAutomation.pageFactory.HomePage">
        <test-method is-config="true" signature="ConfigFileRead()[pri:0, instance:com.TestAutomation.pageFactory.HomePage@471a9022]" started-at="2024-08-05T11:44:05 IST" name="ConfigFileRead" finished-at="2024-08-05T11:44:05 IST" duration-ms="12" status="PASS">
          <reporter-output>
          </reporter-output>
        </test-method> <!-- ConfigFileRead -->
      </class> <!-- com.TestAutomation.pageFactory.HomePage -->
      <class name="com.TestAutomation.testcases.SignUpPageTest">
        <test-method is-config="true" signature="LaunchApplication()[pri:0, instance:com.TestAutomation.testcases.SignUpPageTest@2bec854f]" started-at="2024-08-05T11:45:06 IST" name="LaunchApplication" finished-at="2024-08-05T11:45:14 IST" duration-ms="7983" status="PASS">
          <reporter-output>
          </reporter-output>
        </test-method> <!-- LaunchApplication -->
        <test-method signature="SignUpButtonTextBoxUITest()[pri:1, instance:com.TestAutomation.testcases.SignUpPageTest@2bec854f]" started-at="2024-08-05T11:45:14 IST" name="SignUpButtonTextBoxUITest" finished-at="2024-08-05T11:45:15 IST" duration-ms="740" status="PASS">
          <reporter-output>
          </reporter-output>
        </test-method> <!-- SignUpButtonTextBoxUITest -->
        <test-method signature="ClickSignUpButton()[pri:2, instance:com.TestAutomation.testcases.SignUpPageTest@2bec854f]" started-at="2024-08-05T11:45:15 IST" name="ClickSignUpButton" finished-at="2024-08-05T11:45:16 IST" duration-ms="951" status="PASS">
          <reporter-output>
          </reporter-output>
        </test-method> <!-- ClickSignUpButton -->
        <test-method signature="ClickMaleGenderRadioButton()[pri:3, instance:com.TestAutomation.testcases.SignUpPageTest@2bec854f]" started-at="2024-08-05T11:45:16 IST" name="ClickMaleGenderRadioButton" finished-at="2024-08-05T11:45:17 IST" duration-ms="1773" status="PASS">
          <reporter-output>
          </reporter-output>
        </test-method> <!-- ClickMaleGenderRadioButton -->
        <test-method signature="FillSignUpForm()[pri:4, instance:com.TestAutomation.testcases.SignUpPageTest@2bec854f]" started-at="2024-08-05T11:45:17 IST" name="FillSignUpForm" finished-at="2024-08-05T11:45:26 IST" duration-ms="8943" status="PASS">
          <reporter-output>
          </reporter-output>
        </test-method> <!-- FillSignUpForm -->
        <test-method is-config="true" signature="teardown()[pri:0, instance:com.TestAutomation.testcases.SignUpPageTest@2bec854f]" started-at="2024-08-05T11:45:26 IST" name="teardown" finished-at="2024-08-05T11:45:27 IST" duration-ms="256" status="PASS">
          <reporter-output>
          </reporter-output>
        </test-method> <!-- teardown -->
      </class> <!-- com.TestAutomation.testcases.SignUpPageTest -->
      <class name="com.TestAutomation.testcases.LoginPageTest">
        <test-method is-config="true" signature="launchApplication()[pri:0, instance:com.TestAutomation.testcases.LoginPageTest@24c22fe]" started-at="2024-08-05T11:44:05 IST" name="launchApplication" finished-at="2024-08-05T11:44:15 IST" duration-ms="9441" status="PASS">
          <reporter-output>
          </reporter-output>
        </test-method> <!-- launchApplication -->
        <test-method signature="loginSuccessTest()[pri:1, instance:com.TestAutomation.testcases.LoginPageTest@24c22fe]" started-at="2024-08-05T11:44:15 IST" name="loginSuccessTest" finished-at="2024-08-05T11:44:19 IST" duration-ms="4223" status="PASS">
          <reporter-output>
          </reporter-output>
        </test-method> <!-- loginSuccessTest -->
        <test-method is-config="true" signature="tearDown()[pri:0, instance:com.TestAutomation.testcases.LoginPageTest@24c22fe]" started-at="2024-08-05T11:44:19 IST" name="tearDown" finished-at="2024-08-05T11:44:19 IST" duration-ms="185" status="PASS">
          <reporter-output>
          </reporter-output>
        </test-method> <!-- tearDown -->
      </class> <!-- com.TestAutomation.testcases.LoginPageTest -->
      <class name="com.TestAutomation.testcases.ContactUsPageTest">
        <test-method is-config="true" signature="launchApplication()[pri:0, instance:com.TestAutomation.testcases.ContactUsPageTest@7ba8c737]" started-at="2024-08-05T11:44:19 IST" name="launchApplication" finished-at="2024-08-05T11:44:27 IST" duration-ms="7437" status="PASS">
          <reporter-output>
          </reporter-output>
        </test-method> <!-- launchApplication -->
        <test-method signature="contactPageTitleTest()[pri:1, instance:com.TestAutomation.testcases.ContactUsPageTest@7ba8c737]" started-at="2024-08-05T11:44:27 IST" name="contactPageTitleTest" finished-at="2024-08-05T11:44:27 IST" duration-ms="107" status="PASS">
          <reporter-output>
          </reporter-output>
        </test-method> <!-- contactPageTitleTest -->
        <test-method signature="contactPageSubHeadingTest()[pri:2, instance:com.TestAutomation.testcases.ContactUsPageTest@7ba8c737]" started-at="2024-08-05T11:44:27 IST" name="contactPageSubHeadingTest" finished-at="2024-08-05T11:44:27 IST" duration-ms="73" status="PASS">
          <reporter-output>
          </reporter-output>
        </test-method> <!-- contactPageSubHeadingTest -->
        <test-method signature="EmailAddressFieldTest()[pri:3, instance:com.TestAutomation.testcases.ContactUsPageTest@7ba8c737]" started-at="2024-08-05T11:44:27 IST" name="EmailAddressFieldTest" finished-at="2024-08-05T11:44:27 IST" duration-ms="450" status="PASS">
          <reporter-output>
          </reporter-output>
        </test-method> <!-- EmailAddressFieldTest -->
        <test-method signature="OrderIdFieldTest()[pri:4, instance:com.TestAutomation.testcases.ContactUsPageTest@7ba8c737]" started-at="2024-08-05T11:44:27 IST" name="OrderIdFieldTest" finished-at="2024-08-05T11:44:27 IST" duration-ms="151" status="PASS">
          <reporter-output>
          </reporter-output>
        </test-method> <!-- OrderIdFieldTest -->
        <test-method signature="MessageFieldTest()[pri:5, instance:com.TestAutomation.testcases.ContactUsPageTest@7ba8c737]" started-at="2024-08-05T11:44:27 IST" name="MessageFieldTest" finished-at="2024-08-05T11:44:28 IST" duration-ms="438" status="PASS">
          <reporter-output>
          </reporter-output>
        </test-method> <!-- MessageFieldTest -->
        <test-method signature="SubHeadingDropdownTest()[pri:6, instance:com.TestAutomation.testcases.ContactUsPageTest@7ba8c737]" started-at="2024-08-05T11:44:28 IST" name="SubHeadingDropdownTest" finished-at="2024-08-05T11:44:28 IST" duration-ms="539" status="PASS">
          <reporter-output>
          </reporter-output>
        </test-method> <!-- SubHeadingDropdownTest -->
        <test-method signature="UploadAttachment()[pri:7, instance:com.TestAutomation.testcases.ContactUsPageTest@7ba8c737]" started-at="2024-08-05T11:44:28 IST" name="UploadAttachment" finished-at="2024-08-05T11:44:34 IST" duration-ms="5355" status="PASS">
          <reporter-output>
          </reporter-output>
        </test-method> <!-- UploadAttachment -->
        <test-method signature="SendContactUsTest()[pri:8, instance:com.TestAutomation.testcases.ContactUsPageTest@7ba8c737]" started-at="2024-08-05T11:44:34 IST" name="SendContactUsTest" finished-at="2024-08-05T11:44:45 IST" duration-ms="11712" status="PASS">
          <reporter-output>
          </reporter-output>
        </test-method> <!-- SendContactUsTest -->
        <test-method is-config="true" signature="tearDown()[pri:0, instance:com.TestAutomation.testcases.ContactUsPageTest@7ba8c737]" started-at="2024-08-05T11:44:45 IST" name="tearDown" finished-at="2024-08-05T11:44:46 IST" duration-ms="224" status="PASS">
          <reporter-output>
          </reporter-output>
        </test-method> <!-- tearDown -->
      </class> <!-- com.TestAutomation.testcases.ContactUsPageTest -->
    </test> <!-- Default test -->
  </suite> <!-- Default suite -->
</testng-results>
