<?xml version="1.0" encoding="UTF-8"?>
<!-- Generated by org.testng.reporters.JUnitXMLReporter -->
<testsuite ignored="12" hostname="Trantor-LP375" failures="0" tests="15" name="Default test" time="81.409" errors="0" timestamp="2024-08-05T11:45:27 IST">
  <testcase classname="com.TestAutomation.testcases.LoginPageTest" name="loginSuccessTest" time="4.223"/>
  <testcase classname="com.TestAutomation.testcases.ContactUsPageTest" name="contactPageTitleTest" time="0.107"/>
  <testcase classname="com.TestAutomation.testcases.ContactUsPageTest" name="contactPageSubHeadingTest" time="0.073"/>
  <testcase classname="com.TestAutomation.testcases.ContactUsPageTest" name="EmailAddressFieldTest" time="0.45"/>
  <testcase classname="com.TestAutomation.testcases.ContactUsPageTest" name="OrderIdFieldTest" time="0.151"/>
  <testcase classname="com.TestAutomation.testcases.ContactUsPageTest" name="MessageFieldTest" time="0.438"/>
  <testcase classname="com.TestAutomation.testcases.ContactUsPageTest" name="SubHeadingDropdownTest" time="0.539"/>
  <testcase classname="com.TestAutomation.testcases.ContactUsPageTest" name="UploadAttachment" time="5.355"/>
  <testcase classname="com.TestAutomation.testcases.ContactUsPageTest" name="SendContactUsTest" time="11.712"/>
  <testcase classname="com.TestAutomation.testcases.MyAccountPageTest" name="SearchVerifyProduct" time="5.103"/>
  <testcase classname="com.TestAutomation.testcases.MyAccountPageTest" name="SearchVerifyProduct" time="4.363"/>
  <testcase classname="com.TestAutomation.testcases.SignUpPageTest" name="SignUpButtonTextBoxUITest" time="0.74"/>
  <testcase classname="com.TestAutomation.testcases.SignUpPageTest" name="ClickSignUpButton" time="0.951"/>
  <testcase classname="com.TestAutomation.testcases.SignUpPageTest" name="ClickMaleGenderRadioButton" time="1.773"/>
  <testcase classname="com.TestAutomation.testcases.SignUpPageTest" name="FillSignUpForm" time="8.943"/>
  <testcase classname="com.TestAutomation.utility.ConfigFileReader" name="@BeforeTest ConfigFileRead" time="0.0">
    <ignored/>
  </testcase> <!-- @BeforeTest ConfigFileRead -->
  <testcase classname="com.TestAutomation.utility.ConfigFileReader" name="@BeforeTest ConfigFileRead" time="0.0">
    <ignored/>
  </testcase> <!-- @BeforeTest ConfigFileRead -->
  <testcase classname="com.TestAutomation.utility.ConfigFileReader" name="@BeforeTest ConfigFileRead" time="0.0">
    <ignored/>
  </testcase> <!-- @BeforeTest ConfigFileRead -->
  <testcase classname="com.TestAutomation.utility.ConfigFileReader" name="@BeforeTest ConfigFileRead" time="0.0">
    <ignored/>
  </testcase> <!-- @BeforeTest ConfigFileRead -->
  <testcase classname="com.TestAutomation.utility.ConfigFileReader" name="@BeforeTest ConfigFileRead" time="0.0">
    <ignored/>
  </testcase> <!-- @BeforeTest ConfigFileRead -->
  <testcase classname="com.TestAutomation.utility.ConfigFileReader" name="@BeforeTest ConfigFileRead" time="0.0">
    <ignored/>
  </testcase> <!-- @BeforeTest ConfigFileRead -->
  <testcase classname="com.TestAutomation.utility.ConfigFileReader" name="@BeforeTest ConfigFileRead" time="0.0">
    <ignored/>
  </testcase> <!-- @BeforeTest ConfigFileRead -->
  <testcase classname="com.TestAutomation.utility.ConfigFileReader" name="@BeforeTest ConfigFileRead" time="0.0">
    <ignored/>
  </testcase> <!-- @BeforeTest ConfigFileRead -->
  <testcase classname="com.TestAutomation.utility.ConfigFileReader" name="@BeforeTest ConfigFileRead" time="0.0">
    <ignored/>
  </testcase> <!-- @BeforeTest ConfigFileRead -->
  <testcase classname="com.TestAutomation.utility.ConfigFileReader" name="@BeforeTest ConfigFileRead" time="0.0">
    <ignored/>
  </testcase> <!-- @BeforeTest ConfigFileRead -->
  <testcase classname="com.TestAutomation.utility.ConfigFileReader" name="@BeforeTest ConfigFileRead" time="0.0">
    <ignored/>
  </testcase> <!-- @BeforeTest ConfigFileRead -->
  <testcase classname="com.TestAutomation.utility.ConfigFileReader" name="@BeforeTest ConfigFileRead" time="0.0">
    <ignored/>
  </testcase> <!-- @BeforeTest ConfigFileRead -->
</testsuite> <!-- Default test -->
